mode: set
together/be8/delivery/controller/user/user.go:22.70,27.2 1 1
together/be8/delivery/controller/user/user.go:29.57,30.36 1 1
together/be8/delivery/controller/user/user.go:30.36,33.42 2 1
together/be8/delivery/controller/user/user.go:38.3,38.51 1 1
together/be8/delivery/controller/user/user.go:43.3,46.17 3 1
together/be8/delivery/controller/user/user.go:50.3,51.65 2 1
together/be8/delivery/controller/user/user.go:33.42,36.4 2 1
together/be8/delivery/controller/user/user.go:38.51,41.4 2 1
together/be8/delivery/controller/user/user.go:46.17,49.4 2 0
together/be8/delivery/controller/user/user.go:72.58,73.36 1 1
together/be8/delivery/controller/user/user.go:73.36,77.17 3 1
together/be8/delivery/controller/user/user.go:87.3,89.17 2 1
together/be8/delivery/controller/user/user.go:94.3,94.62 1 1
together/be8/delivery/controller/user/user.go:77.17,80.4 2 1
together/be8/delivery/controller/user/user.go:89.17,92.4 2 1
together/be8/delivery/controller/user/user.go:100.59,101.36 1 1
together/be8/delivery/controller/user/user.go:101.36,104.41 2 1
together/be8/delivery/controller/user/user.go:108.3,109.17 2 1
together/be8/delivery/controller/user/user.go:118.3,122.17 3 1
together/be8/delivery/controller/user/user.go:132.3,132.61 1 1
together/be8/delivery/controller/user/user.go:104.41,106.4 1 0
together/be8/delivery/controller/user/user.go:109.17,112.4 2 1
together/be8/delivery/controller/user/user.go:122.17,125.31 3 1
together/be8/delivery/controller/user/user.go:128.4,128.77 1 1
together/be8/delivery/controller/user/user.go:125.31,127.5 1 0
together/be8/delivery/controller/user/user.go:136.52,137.36 1 1
together/be8/delivery/controller/user/user.go:137.36,140.40 2 1
together/be8/delivery/controller/user/user.go:145.3,145.49 1 1
together/be8/delivery/controller/user/user.go:150.3,152.17 2 1
together/be8/delivery/controller/user/user.go:157.3,159.22 2 1
together/be8/delivery/controller/user/user.go:165.3,165.72 1 0
together/be8/delivery/controller/user/user.go:140.40,143.4 2 1
together/be8/delivery/controller/user/user.go:145.49,148.4 2 1
together/be8/delivery/controller/user/user.go:152.17,155.4 2 0
together/be8/delivery/controller/user/user.go:159.22,163.4 3 1
together/be8/delivery/controller/user/user.go:169.59,170.36 1 1
together/be8/delivery/controller/user/user.go:170.36,175.17 3 1
together/be8/delivery/controller/user/user.go:186.3,188.18 2 1
together/be8/delivery/controller/user/user.go:192.3,192.52 1 1
together/be8/delivery/controller/user/user.go:175.17,178.4 2 1
together/be8/delivery/controller/user/user.go:188.18,190.4 1 1
